[16:25:56] [main/INFO]: Completely ignored arguments: [release]
[16:26:00] [Datafixer Bootstrap/INFO]: 192 Datafixer optimizations took 150 milliseconds
[16:26:01] [main/WARN]: Unrecognized user type: --versionType
[16:26:02] [Render thread/INFO]: Environment: Environment[accountsHost=https://api.mojang.com, sessionHost=https://sessionserver.mojang.com, servicesHost=https://api.minecraftservices.com, name=PROD]
[16:26:02] [Render thread/ERROR]: Failed to verify authentication
com.mojang.authlib.exceptions.InvalidCredentialsException: Status: 401
	at com.mojang.authlib.exceptions.MinecraftClientHttpException.toAuthenticationException(MinecraftClientHttpException.java:59) ~[authlib-5.0.47.jar:?]
	at com.mojang.authlib.yggdrasil.YggdrasilUserApiService.fetchProperties(YggdrasilUserApiService.java:159) ~[authlib-5.0.47.jar:?]
	at com.mojang.authlib.yggdrasil.YggdrasilUserApiService.<init>(YggdrasilUserApiService.java:53) ~[authlib-5.0.47.jar:?]
	at com.mojang.authlib.yggdrasil.YggdrasilAuthenticationService.createUserApiService(YggdrasilAuthenticationService.java:55) ~[authlib-5.0.47.jar:?]
	at eqv.a(SourceFile:787) ~[1.20.2.jar:?]
	at eqv.<init>(SourceFile:451) ~[1.20.2.jar:?]
	at net.minecraft.client.main.Main.main(SourceFile:214) ~[1.20.2.jar:?]
Caused by: com.mojang.authlib.exceptions.MinecraftClientHttpException: Status: 401
	at com.mojang.authlib.minecraft.client.MinecraftClient.readInputStream(MinecraftClient.java:100) ~[authlib-5.0.47.jar:?]
	at com.mojang.authlib.minecraft.client.MinecraftClient.get(MinecraftClient.java:57) ~[authlib-5.0.47.jar:?]
	at com.mojang.authlib.yggdrasil.YggdrasilUserApiService.fetchProperties(YggdrasilUserApiService.java:130) ~[authlib-5.0.47.jar:?]
	... 5 more
[16:26:02] [Render thread/INFO]: Setting user: testName
[16:26:02] [Render thread/ERROR]: Error parsing option value  for option Text Background Opacity: Not a boolean: ""
[16:26:02] [Render thread/INFO]: Backend library: LWJGL version 3.3.2+13
[16:26:04] [Render thread/INFO]: Reloading ResourceManager: vanilla
[16:26:04] [Worker-Main-5/INFO]: Found unifont_all_no_pua-15.0.06.hex, loading
