[19:25:21] [main/INFO]: Loading Minecraft 23w42a with Quilt Loader 0.21.0
[19:25:21] [main/INFO]: Loading mappings: jar:file:/C:/Users/krist/AppData/Roaming/.minecraft/versions/quilt-loader-0.21.0-23w42a/libraries/intermediary.jar!/mappings/mappings.tiny
[19:25:21] [main/INFO]: Preparing JARs on first launch, this may take a few seconds...
[19:25:21] [main/INFO]: Not reusing previous transform cache since it has 2 different keys. (Add '-Dloader.transform_cache.log_changed_keys=true' to see all changes).
[19:25:23] [main/INFO]: Loading 3 mods:
| Index | Mod                      | ID           | Version              | Type    | File Hash (SHA-1)                        | File(s)                                                                                               |
|------:|--------------------------|--------------|----------------------|---------|------------------------------------------|-------------------------------------------------------------------------------------------------------|
|     1 | Minecraft                | minecraft    | 1.20.2-alpha.23.42.a | Builtin | fa988e80b914b63e63b31c1d72abda1315993ea8 | <game>\.cache\quilt_loader\remappedJars\minecraft-1.20.2-alpha.23.42.a-0.21.0\client-intermediary.jar |
|     2 | OpenJDK 64-Bit Server VM | java         | 20                   | Builtin |                                          | <game>\JRE\20\jre\jdk-20.0.1+9-jre                                                                    |
|     0 | Quilt Loader             | quilt_loader | 0.21.0               | Quilt   | b6d3e51a43775fa6ecb60d417f8ebdbc3571d194 | <game>\versions\quilt-loader-0.21.0-23w42a\libraries\quilt-loader.jar                                 |
|------:|--------------------------|--------------|----------------------|---------|------------------------------------------|-------------------------------------------------------------------------------------------------------|
Mod Table Version: 2
Plugin Types: {quilt_loader=[Quilt, Builtin]}
[19:25:23] [main/INFO]: SpongePowered MIXIN Subsystem Version=0.8.5 Source=file:/C:/Users/krist/AppData/Roaming/.minecraft/versions/quilt-loader-0.21.0-23w42a/libraries/sponge-mixin.jar Service=Knot/Quilt Env=CLIENT
[19:25:28] [Datafixer Bootstrap/INFO]: 195 Datafixer optimizations took 130 milliseconds
[19:25:29] [main/WARN]: Unrecognized user type: 
[19:25:29] [Render thread/WARN]: Assets URL 'quilt.zfs://transformed-mod-minecraft.i0:0/assets/.mcassetsroot' uses unexpected schema
[19:25:29] [Render thread/WARN]: Assets URL 'quilt.zfs://transformed-mod-minecraft.i0:0/data/.mcassetsroot' uses unexpected schema
[19:25:29] [Render thread/INFO]: Environment: Environment[sessionHost=https://sessionserver.mojang.com, servicesHost=https://api.minecraftservices.com, name=PROD]
[19:25:30] [Render thread/ERROR]: Failed to verify authentication
com.mojang.authlib.exceptions.InvalidCredentialsException: Status: 401
	at com.mojang.authlib.exceptions.MinecraftClientHttpException.toAuthenticationException(MinecraftClientHttpException.java:59) ~[authlib-5.0.50.jar:?]
	at com.mojang.authlib.yggdrasil.YggdrasilUserApiService.fetchProperties(YggdrasilUserApiService.java:159) ~[authlib-5.0.50.jar:?]
	at com.mojang.authlib.yggdrasil.YggdrasilUserApiService.<init>(YggdrasilUserApiService.java:53) ~[authlib-5.0.50.jar:?]
	at com.mojang.authlib.yggdrasil.YggdrasilAuthenticationService.createUserApiService(YggdrasilAuthenticationService.java:55) ~[authlib-5.0.50.jar:?]
	at net.minecraft.class_310.method_31382(class_310.java:816) ~[transformed-mod-minecraft.i0:0/:?]
	at net.minecraft.class_310.<init>(class_310.java:462) ~[transformed-mod-minecraft.i0:0/:?]
	at net.minecraft.client.main.Main.main(Main.java:223) ~[quilt-loader-0.21.0-23w42a.jar:?]
	at jdk.internal.reflect.DirectMethodHandleAccessor.invoke(Unknown Source) ~[?:?]
	at java.lang.reflect.Method.invoke(Unknown Source) ~[?:?]
	at org.quiltmc.loader.impl.game.minecraft.MinecraftGameProvider.launch(MinecraftGameProvider.java:524) ~[quilt-loader.jar:?]
	at org.quiltmc.loader.impl.launch.knot.Knot.launch(Knot.java:84) ~[quilt-loader.jar:?]
	at org.quiltmc.loader.impl.launch.knot.KnotClient.main(KnotClient.java:28) ~[quilt-loader.jar:?]
Caused by: com.mojang.authlib.exceptions.MinecraftClientHttpException: Status: 401
	at com.mojang.authlib.minecraft.client.MinecraftClient.readInputStream(MinecraftClient.java:100) ~[authlib-5.0.50.jar:?]
	at com.mojang.authlib.minecraft.client.MinecraftClient.get(MinecraftClient.java:57) ~[authlib-5.0.50.jar:?]
	at com.mojang.authlib.yggdrasil.YggdrasilUserApiService.fetchProperties(YggdrasilUserApiService.java:130) ~[authlib-5.0.50.jar:?]
	... 10 more
[19:25:30] [Render thread/INFO]: Setting user: testName
[19:25:30] [Render thread/INFO]: Backend library: LWJGL version 3.3.2+13
[19:25:31] [Render thread/INFO]: Reloading ResourceManager: vanilla
[19:25:32] [Worker-Main-9/INFO]: Found unifont_all_no_pua-15.0.06.hex, loading
[19:25:33] [Render thread/WARN]: Missing sound for event: minecraft:item.goat_horn.play
[19:25:33] [Render thread/WARN]: Missing sound for event: minecraft:entity.goat.screaming.horn_break
[19:25:33] [Render thread/INFO]: OpenAL initialized on device OpenAL Soft on Speaker (Realtek(R) Audio)
[19:25:33] [Render thread/INFO]: Sound engine started
[19:25:33] [Render thread/INFO]: Created: 1024x512x4 minecraft:textures/atlas/blocks.png-atlas
[19:25:33] [Render thread/INFO]: Created: 256x256x4 minecraft:textures/atlas/signs.png-atlas
[19:25:33] [Render thread/INFO]: Created: 512x512x4 minecraft:textures/atlas/shield_patterns.png-atlas
[19:25:33] [Render thread/INFO]: Created: 512x512x4 minecraft:textures/atlas/banner_patterns.png-atlas
[19:25:33] [Render thread/INFO]: Created: 1024x1024x4 minecraft:textures/atlas/armor_trims.png-atlas
[19:25:34] [Render thread/INFO]: Created: 128x64x4 minecraft:textures/atlas/decorated_pot.png-atlas
[19:25:34] [Render thread/INFO]: Created: 256x256x4 minecraft:textures/atlas/chest.png-atlas
[19:25:34] [Render thread/INFO]: Created: 512x256x4 minecraft:textures/atlas/shulker_boxes.png-atlas
[19:25:34] [Render thread/INFO]: Created: 512x256x4 minecraft:textures/atlas/beds.png-atlas
[19:25:34] [Render thread/WARN]: Shader rendertype_entity_translucent_emissive could not find sampler named Sampler2 in the specified shader program.
[19:25:34] [Render thread/INFO]: Created: 256x256x0 minecraft:textures/atlas/particles.png-atlas
[19:25:34] [Render thread/INFO]: Created: 256x256x0 minecraft:textures/atlas/paintings.png-atlas
[19:25:34] [Render thread/INFO]: Created: 128x128x0 minecraft:textures/atlas/mob_effects.png-atlas
[19:25:34] [Render thread/INFO]: Created: 1024x512x0 minecraft:textures/atlas/gui.png-atlas
[19:25:34] [IO-Worker-1/INFO]: Could not authorize you against Realms server: Invalid session id
[19:25:34] [IO-Worker-1/ERROR]: Couldn't connect to realms
net.minecraft.class_4355: Realms authentication error with message 'Invalid session id'
	at net.minecraft.class_4341.method_20998(class_4341.java:447) ~[transformed-mod-minecraft.i0:0/:?]
	at net.minecraft.class_4341.method_21027(class_4341.java:232) ~[transformed-mod-minecraft.i0:0/:?]
	at net.minecraft.class_8647.method_52627(class_8647.java:45) ~[transformed-mod-minecraft.i0:0/:?]
	at java.util.concurrent.CompletableFuture$AsyncSupply.run(Unknown Source) ~[?:?]
	at java.util.concurrent.ThreadPoolExecutor.runWorker(Unknown Source) ~[?:?]
	at java.util.concurrent.ThreadPoolExecutor$Worker.run(Unknown Source) ~[?:?]
	at java.lang.Thread.run(Unknown Source) ~[?:?]
[19:25:43] [Render thread/INFO]: Stopping!
